2025-03-19 18:37:21 WARN Disk usage above 80%.
2025-03-19 18:37:48 WARN Potential security risk detected.
dfjdghx
2025-03-19 18:38:58 DEBUG Starting data backup process.
2025-03-19 18:42:50 ERROR Database connection failed.



2025-03-19 18:45:25 DEBUG Starting data backup process.
2025-03-19 18:48:24 DEBUG Debugging performance issues.
2025-03-19 18:52:30 INFO System update applied.
2025-03-19 18:57:29 CRITICAL Low available disk space.
2025-03-19 18:59:37 ERROR Network timeout detected.
dkfgjsdkfjghsld
WWW3409587209867256
2025-03-20 02:22:50 LOL Verifying API response times.
airhtlkh
ooooooooooooooooooaaaaaaaaaaaaaaauuuuuuuuuuuuuueeeeeeeee
2025-03-19 19:01:16 ERROR Database connection failed.
2025-03-19 19:03:37 DEBUG Checking system health.
2025-03-19 19:04:21 INFO System update applied.
2025-03-19 19:05:58 INFO System update applied.
2025-03-19 19:10:47 DEBUG Attempting to connect to the database.
2025-03-19 19:13:36 WARN Potential security risk detected.
2025-03-19 19:16:33 ERROR Network timeout detected.
2025-03-19 19:18:46 INFO Data export completed.
2025-03-19 19:23:12 DEBUG Starting data backup process.
2025-03-19 19:26:12 ERROR Network timeout detected.
2025-03-19 19:30:14 ERROR Database connection failed.
2025-03-19 19:30:51 WARN Low available disk space.
2025-03-19 19:35:36 DEBUG Verifying API response times.
2025-03-19 19:39:16 WARN High memory consumption detected.
2025-03-19 19:42:02 DEBUG Debugging performance issues.
2025-03-19 19:45:18 INFO User logged in successfully.
2025-03-19 19:48:05 INFO Scheduled maintenance.
2025-03-19 19:51:25 ERROR Database connection failed.
2025-03-19 19:51:50 WARN High memory consumption detected.
2025-03-19 19:52:28 ERROR Database connection failed.
2025-03-19 19:53:02 WARN Disk usage above 80%.
2025-03-19 19:55:08 INFO System update applied.
2025-03-19 19:56:20 DEBUG Checking system health.
2025-03-19 20:01:15 ERROR Unable to load configuration file.
2025-03-19 20:04:16 WARN Unusual login activity noticed.
2025-03-19 20:06:57 ERROR Backup process failed.
2025-03-19 20:07:09 ERROR Backup process failed.
2025-03-19 20:09:52 ERROR Database connection failed.
2025-03-19 20:11:54 WARN Disk usage above 80%.
2025-03-19 20:12:20 WARN High memory consumption detected.
2025-03-19 20:16:13 WARN Disk usage above 80%.
2025-03-19 20:18:32 INFO Data export completed.
2025-03-19 20:19:13 ERROR Backup process failed.
2025-03-19 20:23:31 DEBUG Verifying API response times.
2025-03-19 20:25:11 ERROR Network timeout detected.
2025-03-19 20:27:41 WARN Potential security risk detected.
2025-03-19 20:29:41 DEBUG Starting data backup process.
2025-03-19 20:30:15 WARN High memory consumption detected.
2025-03-19 20:30:32 INFO Scheduled maintenance.
2025-03-19 20:31:45 DEBUG Attempting to connect to the database.
2025-03-19 20:35:03 WARN Disk usage above 80%.
2025-03-19 20:37:19 ERROR Unable to load configuration file.
2025-03-19 20:40:11 ERROR Database connection failed.
2025-03-19 20:44:02 WARN High memory consumption detected.
2025-03-19 20:44:29 WARN Potential security risk detected.
2025-03-19 20:46:09 INFO System update applied.
2025-03-19 20:51:00 WARN High memory consumption detected.
2025-03-19 20:51:28 DEBUG Debugging performance issues.
2025-03-19 20:52:08 INFO Scheduled maintenance.
2025-03-19 20:54:16 DEBUG Verifying API response times.
2025-03-19 20:58:43 DEBUG Verifying API response times.
2025-03-19 20:59:20 ERROR Network timeout detected.
2025-03-19 21:00:38 DEBUG Verifying API response times.
2025-03-19 21:02:38 DEBUG Verifying API response times.
2025-03-19 21:04:28 INFO Data export completed.
2025-03-19 21:06:00 ERROR Unable to load configuration file.
2025-03-19 21:09:55 ERROR Network timeout detected.
2025-03-19 21:14:14 WARN High memory consumption detected.
2025-03-19 21:15:27 DEBUG Debugging performance issues.
2025-03-19 21:19:38 DEBUG Verifying API response times.
2025-03-19 21:21:37 DEBUG Debugging performance issues.
2025-03-19 21:23:50 ERROR Backup process failed.
2025-03-19 21:25:38 INFO Configuration saved.
2025-03-19 21:30:27 ERROR Database connection failed.
2025-03-19 21:32:16 WARN Disk usage above 80%.
2025-03-19 21:34:55 ERROR Database connection failed.
2025-03-19 21:37:46 ERROR Unexpected application crash.
2025-03-19 21:37:59 ERROR Database connection failed.
2025-03-19 21:42:21 INFO User logged in successfully.
2025-03-19 21:47:09 DEBUG Attempting to connect to the database.
2025-03-19 21:50:14 INFO Data export completed.
2025-03-19 21:54:57 ERROR Backup process failed.
2025-03-19 21:56:05 INFO Configuration saved.
2025-03-19 21:56:55 WARN Potential security risk detected.
2025-03-19 22:00:43 INFO Data export completed.
2025-03-19 22:04:05 DEBUG Debugging performance issues.
2025-03-19 22:05:17 WARN Potential security risk detected.
2025-03-19 22:08:31 WARN High memory consumption detected.
2025-03-19 22:12:24 INFO Scheduled maintenance.
2025-03-19 22:13:35 ERROR Network timeout detected.
2025-03-19 22:14:36 INFO Scheduled maintenance.
2025-03-19 22:17:51 WARN Low available disk space.
2025-03-19 22:19:48 INFO System update applied.
2025-03-19 22:22:17 DEBUG Attempting to connect to the database.
2025-03-19 22:26:29 INFO Data export completed.
2025-03-19 22:28:27 DEBUG Verifying API response times.
2025-03-19 22:32:32 ERROR Network timeout detected.
2025-03-19 22:32:57 ERROR Database connection failed.
2025-03-19 22:36:38 DEBUG Debugging performance issues.
2025-03-19 22:37:36 ERROR Backup process failed.
2025-03-19 22:40:08 DEBUG Verifying API response times.
2025-03-19 22:41:00 DEBUG Verifying API response times.
2025-03-19 22:43:25 WARN Low available disk space.
2025-03-19 22:47:42 WARN High memory consumption detected.
2025-03-19 22:48:39 DEBUG Attempting to connect to the database.
2025-03-19 22:49:39 ERROR Network timeout detected.
2025-03-19 22:52:02 ERROR Database connection failed.
2025-03-19 22:56:04 DEBUG Attempting to connect to the database.
2025-03-19 22:59:18 WARN Disk usage above 80%.
2025-03-19 23:03:41 WARN Low available disk space.
2025-03-19 23:07:20 ERROR Unexpected application crash.
2025-03-19 23:12:00 DEBUG Starting data backup process.
2025-03-19 23:12:31 ERROR Backup process failed.
2025-03-19 23:13:47 ERROR Backup process failed.
2025-03-19 23:15:27 INFO Configuration saved.
2025-03-19 23:20:14 INFO System update applied.
2025-03-19 23:21:03 DEBUG Checking system health.
2025-03-19 23:22:33 DEBUG Starting data backup process.
2025-03-19 23:24:01 INFO User logged in successfully.
2025-03-19 23:28:45 DEBUG Attempting to connect to the database.
2025-03-19 23:32:09 DEBUG Checking system health.
2025-03-19 23:36:30 WARN High memory consumption detected.
2025-03-19 23:39:06 DEBUG Checking system health.
2025-03-19 23:43:45 INFO Scheduled maintenance.
2025-03-19 23:45:05 WARN Disk usage above 80%.
2025-03-19 23:46:48 ERROR Database connection failed.
2025-03-19 23:48:16 WARN Potential security risk detected.
2025-03-19 23:50:50 DEBUG Attempting to connect to the database.
2025-03-19 23:52:59 ERROR Unexpected application crash.
2025-03-19 23:57:23 DEBUG Attempting to connect to the database.
2025-03-20 00:01:41 INFO Configuration saved.
2025-03-20 00:04:10 INFO User logged in successfully.
2025-03-20 00:05:30 ERROR Unexpected application crash.
2025-03-20 00:08:16 INFO System update applied.
2025-03-20 00:09:04 DEBUG Attempting to connect to the database.
2025-03-20 00:10:27 ERROR Backup process failed.
2025-03-20 00:13:42 INFO User logged in successfully.
2025-03-20 00:16:12 DEBUG Attempting to connect to the database.
2025-03-20 00:16:36 WARN Unusual login activity noticed.
2025-03-20 00:16:50 ERROR Backup process failed.
2025-03-20 00:21:31 ERROR Backup process failed.
2025-03-20 00:22:30 ERROR Network timeout detected.
2025-03-20 00:27:19 ERROR Unable to load configuration file.
2025-03-20 00:30:00 ERROR Network timeout detected.
2025-03-20 00:30:10 WARN High memory consumption detected.
2025-03-20 00:32:45 INFO User logged in successfully.
2025-03-20 00:37:01 INFO System update applied.
2025-03-20 00:37:29 INFO System update applied.
2025-03-20 00:40:16 INFO Configuration saved.
2025-03-20 00:40:46 INFO Data export completed.
2025-03-20 00:44:54 DEBUG Debugging performance issues.
2025-03-20 00:49:00 DEBUG Debugging performance issues.
2025-03-20 00:50:21 DEBUG Checking system health.
2025-03-20 00:53:11 WARN Unusual login activity noticed.
2025-03-20 00:56:13 ERROR Unexpected application crash.
2025-03-20 00:57:18 WARN High memory consumption detected.
2025-03-20 00:58:05 ERROR Unable to load configuration file.
2025-03-20 00:59:47 WARN Low available disk space.
2025-03-20 01:00:24 ERROR Unexpected application crash.
2025-03-20 01:00:48 INFO Configuration saved.
2025-03-20 01:05:40 ERROR Unexpected application crash.
2025-03-20 01:06:55 ERROR Unexpected application crash.
2025-03-20 01:11:36 ERROR Backup process failed.
2025-03-20 01:14:10 ERROR Unexpected application crash.
2025-03-20 01:14:46 ERROR Network timeout detected.
2025-03-20 01:18:45 DEBUG Verifying API response times.
2025-03-20 01:19:40 ERROR Unable to load configuration file.
2025-03-20 01:19:54 DEBUG Starting data backup process.
2025-03-20 01:24:43 ERROR Backup process failed.
2025-03-20 01:29:13 ERROR Backup process failed.
2025-03-20 01:33:42 WARN Disk usage above 80%.
2025-03-20 01:36:22 ERROR Network timeout detected.
2025-03-20 01:36:56 ERROR Backup process failed.
2025-03-20 01:37:39 DEBUG Debugging performance issues.
2025-03-20 01:40:49 WARN High memory consumption detected.
2025-03-20 01:44:48 DEBUG Starting data backup process.
2025-03-20 01:48:19 ERROR Database connection failed.
2025-03-20 01:50:43 INFO User logged in successfully.
2025-03-20 01:54:13 INFO Configuration saved.
2025-03-20 01:58:05 DEBUG Attempting to connect to the database.
2025-03-20 01:58:18 WARN Unusual login activity noticed.
2025-03-20 01:58:40 INFO User logged in successfully.
2025-03-20 02:01:59 ERROR Unable to load configuration file.
2025-03-20 02:02:46 INFO Data export completed.
2025-03-20 02:07:42 ERROR Network timeout detected.
2025-03-20 02:11:57 WARN High memory consumption detected.
2025-03-20 02:12:45 WARN High memory consumption detected.
2025-03-20 02:15:27 ERROR Network timeout detected.
2025-03-20 02:17:40 ERROR Unexpected application crash.
2025-03-20 02:18:39 DEBUG Checking system health.
2025-03-20 02:22:50 DEBUG Verifying API response times.
2025-03-20 02:24:52 DEBUG Attempting to connect to the database.
2025-03-20 02:28:22 INFO Scheduled maintenance.
2025-03-20 02:30:53 WARN Unusual login activity noticed.
2025-03-20 02:31:38 INFO Configuration saved.
2025-03-20 02:33:26 INFO Data export completed.
2025-03-20 02:37:37 ERROR Network timeout detected.
2025-03-20 02:39:16 WARN Disk usage above 80%.
2025-03-20 02:39:57 DEBUG Checking system health.
2025-03-20 02:44:28 DEBUG Verifying API response times.
2025-03-20 02:49:04 INFO Configuration saved.